[+] Containers:
 |- [+] Container: /Game/ThirdPerson/Maps/ThirdPersonMap
 |   |- [+] ActorDescs:
 |   |   |- Guid:0186B0CC40CA52133E9F1CA62AAEE3F7 BaseClass: NativeClass:/Script/Engine.StaticMeshActor Name:StaticMeshActor_UAID_E0D55ED8DBB208C101_1631836449 Label:S_Modular_Stone_Wall_xfxobiziy_lod5_Var22 SpatiallyLoaded:1 Bounds:IsValid=true, Min=(X=-1810.000 Y=-279.631 Z=100.000), Max=(X=-1610.000 Y=-240.228 Z=189.862) RuntimeGrid:None EditorOnly:0 RuntimeOnly:0 HLODRelevant:1 FolderPath:Muros FolderGuid:620DBBD943A829103777E6B193F4B0E7
 |   |   |- Guid:0302661044108086B7FE2EBA0D06AD58 BaseClass:/Game/StarterContent/Blueprints/Blueprint_CeilingLight.Blueprint_CeilingLight_C NativeClass:/Script/Engine.Actor Name:Blueprint_CeilingLight_C_UAID_E0D55ED8DBB208C101_1955094455 Label:Blueprint_CeilingLight SpatiallyLoaded:1 Bounds:IsValid=true, Min=(X=-32.000 Y=1298.000 Z=128.640), Max=(X=12.000 Y=1342.000 Z=262.170) RuntimeGrid:None EditorOnly:0 RuntimeOnly:0 HLODRelevant:0
 |   |   |- Guid:062ABB7748E009827E56489B9FCDC930 BaseClass: NativeClass:/Script/Foliage.InstancedFoliageActor Name:InstancedFoliageActor_UAID_E0D55ED8DBB2E5C001_1603156215 Label:InstancedFoliageActor SpatiallyLoaded:1 Bounds:IsValid=true, Min=(X=-0.500 Y=-0.500 Z=-0.500), Max=(X=0.500 Y=0.500 Z=0.500) RuntimeGrid:None EditorOnly:0 RuntimeOnly:0 HLODRelevant:0
 |   |   |- Guid:121C3738462E8C49EB48CFBF913606A6 BaseClass: NativeClass:/Script/Landscape.LandscapeStreamingProxy Name:LandscapeStreamingProxy_BLSND9798JKUT5EXYGRREA23N_126_2_1_0 Label:LandscapeStreamingProxy_2_1_0 SpatiallyLoaded:1 Bounds:IsValid=true, Min=(X=0.000 Y=-12600.000 Z=100.000), Max=(X=12600.000 Y=0.000 Z=6646.094) RuntimeGrid:None EditorOnly:0 RuntimeOnly:0 HLODRelevant:1
 |   |   |- Guid:196BFED54F279B85F1D072BD49F6ADAD BaseClass: NativeClass:/Script/Engine.StaticMeshActor Name:StaticMeshActor_UAID_E0D55ED8DBB208C101_1510209433 Label:S_Modular_Stone_Wall_xfxobiziy_lod5_Var6 SpatiallyLoaded:1 Bounds:IsValid=true, Min=(X=-1210.000 Y=-279.631 Z=100.000), Max=(X=-1010.000 Y=-240.228 Z=189.862) RuntimeGrid:None EditorOnly:0 RuntimeOnly:0 HLODRelevant:1 FolderPath:Muros FolderGuid:620DBBD943A829103777E6B193F4B0E7
 |   |   |- Guid:1B39BF8C490884572DC612A629848A16 BaseClass: NativeClass:/Script/Engine.StaticMeshActor Name:StaticMeshActor_UAID_E0D55ED8DBB208C101_1549691440 Label:S_Modular_Stone_Wall_xfxobiziy_lod5_Var13 SpatiallyLoaded:1 Bounds:IsValid=true, Min=(X=790.000 Y=-279.631 Z=100.000), Max=(X=990.000 Y=-240.228 Z=189.862) RuntimeGrid:None EditorOnly:0 RuntimeOnly:0 HLODRelevant:1 FolderPath:Muros FolderGuid:620DBBD943A829103777E6B193F4B0E7
 |   |   |- Guid:1BE9A08346CC75C2DC59A7988A85BBC9 BaseClass: NativeClass:/Script/Engine.StaticMeshActor Name:StaticMeshActor_UAID_E0D55ED8DBB208C101_1631839450 Label:S_Modular_Stone_Wall_xfxobiziy_lod5_Var23 SpatiallyLoaded:1 Bounds:IsValid=true, Min=(X=-2010.000 Y=-279.631 Z=100.000), Max=(X=-1810.000 Y=-240.228 Z=189.862) RuntimeGrid:None EditorOnly:0 RuntimeOnly:0 HLODRelevant:1 FolderPath:Muros FolderGuid:620DBBD943A829103777E6B193F4B0E7
 |   |   |- Guid:2386FD054B73066A7D84E08626355E81 BaseClass: NativeClass:/Script/Landscape.LandscapeStreamingProxy Name:LandscapeStreamingProxy_BLSND9798JKUT5EXYGRREA23N_126_0_0_0 Label:LandscapeStreamingProxy_0_0_0 SpatiallyLoaded:1 Bounds:IsValid=true, Min=(X=-25200.000 Y=-25200.000 Z=100.000), Max=(X=-25200.000 Y=-25200.000 Z=100.000) RuntimeGrid:None EditorOnly:0 RuntimeOnly:0 HLODRelevant:0
 |   |   |- Guid:2FB58999456391D349DC0F86DAC136ED BaseClass: NativeClass:/Script/Engine.SkyLight Name:SkyLight_1 Label:SkyLight SpatiallyLoaded:0 Bounds:IsValid=true, Min=(X=0.000 Y=0.000 Z=690.000), Max=(X=0.000 Y=0.000 Z=690.000) RuntimeGrid:None EditorOnly:0 RuntimeOnly:0 HLODRelevant:0 FolderPath:Lighting FolderGuid:963EC3EB4002CCE9759E2EBA541A873A
 |   |   |- Guid:316CF2A6494ACA4C0E4180A87D36AB8F BaseClass: NativeClass:/Script/Engine.ExponentialHeightFog Name:ExponentialHeightFog_0 Label:ExponentialHeightFog SpatiallyLoaded:0 Bounds:IsValid=true, Min=(X=-5600.000 Y=-50.000 Z=-6850.000), Max=(X=-5600.000 Y=-50.000 Z=-6850.000) RuntimeGrid:None EditorOnly:0 RuntimeOnly:0 HLODRelevant:0 FolderPath:Lighting FolderGuid:963EC3EB4002CCE9759E2EBA541A873A
 |   |   |- Guid:31CFAEAD4C2FAC33BE3628BC639DBA86 BaseClass: NativeClass:/Script/Landscape.LandscapeStreamingProxy Name:LandscapeStreamingProxy_BLSND9798JKUT5EXYGRREA23N_126_3_3_0 Label:LandscapeStreamingProxy_3_3_0 SpatiallyLoaded:1 Bounds:IsValid=true, Min=(X=12600.000 Y=12600.000 Z=100.000), Max=(X=12600.000 Y=12600.000 Z=100.000) RuntimeGrid:None EditorOnly:0 RuntimeOnly:0 HLODRelevant:0
 |   |   |- Guid:31FCA7C840355C647A5A3083F71D423A BaseClass: NativeClass:/Script/Engine.StaticMeshActor Name:StaticMeshActor_UAID_E0D55ED8DBB208C101_1502148430 Label:S_Modular_Stone_Wall_xfxobiziy_lod5_Var3 SpatiallyLoaded:1 Bounds:IsValid=true, Min=(X=-610.000 Y=-279.631 Z=100.000), Max=(X=-410.000 Y=-240.228 Z=189.862) RuntimeGrid:None EditorOnly:0 RuntimeOnly:0 HLODRelevant:1 FolderPath:Muros FolderGuid:620DBBD943A829103777E6B193F4B0E7
 |   |   |- Guid:39126E1F42F81BDC5B616B85F0A78590 BaseClass: NativeClass:/Script/Engine.StaticMeshActor Name:StaticMeshActor_UAID_E0D55ED8DBB208C101_1549681436 Label:S_Modular_Stone_Wall_xfxobiziy_lod5_Var9 SpatiallyLoaded:1 Bounds:IsValid=true, Min=(X=1590.000 Y=-279.631 Z=100.000), Max=(X=1790.000 Y=-240.228 Z=189.862) RuntimeGrid:None EditorOnly:0 RuntimeOnly:0 HLODRelevant:1 FolderPath:Muros FolderGuid:620DBBD943A829103777E6B193F4B0E7
 |   |   |- Guid:3945418545D1B7D1F9E25EA782508AD6 BaseClass: NativeClass:/Script/Engine.StaticMeshActor Name:StaticMeshActor_UAID_E0D55ED8DBB208C101_1549684437 Label:S_Modular_Stone_Wall_xfxobiziy_lod5_Var10 SpatiallyLoaded:1 Bounds:IsValid=true, Min=(X=1390.000 Y=-279.631 Z=100.000), Max=(X=1590.000 Y=-240.228 Z=189.862) RuntimeGrid:None EditorOnly:0 RuntimeOnly:0 HLODRelevant:1 FolderPath:Muros FolderGuid:620DBBD943A829103777E6B193F4B0E7
 |   |   |- Guid:3A00AA1C422CE54C0BDB60BAF471BFBB BaseClass: NativeClass:/Script/Engine.PlayerStart Name:PlayerStart_0 Label:PlayerStart SpatiallyLoaded:0 Bounds:IsValid=true, Min=(X=860.000 Y=1070.000 Z=160.013), Max=(X=940.000 Y=1150.000 Z=344.013) RuntimeGrid:None EditorOnly:0 RuntimeOnly:0 HLODRelevant:0
 |   |   |- Guid:4D3BE93F4146AAAC8BBE79999D96D57F BaseClass: NativeClass:/Script/Engine.VolumetricCloud Name:VolumetricCloud_0 Label:VolumetricCloud SpatiallyLoaded:0 Bounds:IsValid=true, Min=(X=0.000 Y=0.000 Z=820.000), Max=(X=0.000 Y=0.000 Z=820.000) RuntimeGrid:None EditorOnly:0 RuntimeOnly:0 HLODRelevant:0 FolderPath:Lighting FolderGuid:963EC3EB4002CCE9759E2EBA541A873A
 |   |   |- Guid:4F175CB147FA197E53BDDB878907E94F BaseClass: NativeClass:/Script/Engine.StaticMeshActor Name:StaticMeshActor_UAID_E0D55ED8DBB208C101_1510211434 Label:S_Modular_Stone_Wall_xfxobiziy_lod5_Var7 SpatiallyLoaded:1 Bounds:IsValid=true, Min=(X=-1410.000 Y=-279.631 Z=100.000), Max=(X=-1210.000 Y=-240.228 Z=189.862) RuntimeGrid:None EditorOnly:0 RuntimeOnly:0 HLODRelevant:1 FolderPath:Muros FolderGuid:620DBBD943A829103777E6B193F4B0E7
 |   |   |- Guid:511C6A5340634E515D6B04B52EBC92AD BaseClass: NativeClass:/Script/Engine.StaticMeshActor Name:StaticMeshActor_UAID_E0D55ED8DBB208C101_1502151431 Label:S_Modular_Stone_Wall_xfxobiziy_lod5_Var4 SpatiallyLoaded:1 Bounds:IsValid=true, Min=(X=-810.000 Y=-279.631 Z=100.000), Max=(X=-610.000 Y=-240.228 Z=189.862) RuntimeGrid:None EditorOnly:0 RuntimeOnly:0 HLODRelevant:1 FolderPath:Muros FolderGuid:620DBBD943A829103777E6B193F4B0E7
 |   |   |- Guid:5C75B0544BA56312A28209ABA90C8DD8 BaseClass:/Game/Characters/Decomap/BP_Muro.BP_Muro_C NativeClass:/Script/Engine.Pawn Name:BP_Muro_C_UAID_E0D55ED8DBB209C101_1322735632 Label:BP_Muro SpatiallyLoaded:1 Bounds:IsValid=true, Min=(X=320.000 Y=890.000 Z=50.000), Max=(X=420.000 Y=990.000 Z=150.000) RuntimeGrid:None EditorOnly:0 RuntimeOnly:0 HLODRelevant:0
 |   |   |- Guid:5E8D74B6493DA6FDA4BEEC86A1B4F717 BaseClass: NativeClass:/Script/Landscape.LandscapeStreamingProxy Name:LandscapeStreamingProxy_BLSND9798JKUT5EXYGRREA23N_126_3_0_0 Label:LandscapeStreamingProxy_3_0_0 SpatiallyLoaded:1 Bounds:IsValid=true, Min=(X=12600.000 Y=-25200.000 Z=100.000), Max=(X=12600.000 Y=-25200.000 Z=100.000) RuntimeGrid:None EditorOnly:0 RuntimeOnly:0 HLODRelevant:0
 |   |   |- Guid:60BCA1B943F03544C670C0827E50C66E BaseClass: NativeClass:/Script/Landscape.LandscapeStreamingProxy Name:LandscapeStreamingProxy_BLSND9798JKUT5EXYGRREA23N_126_0_1_0 Label:LandscapeStreamingProxy_0_1_0 SpatiallyLoaded:1 Bounds:IsValid=true, Min=(X=-25200.000 Y=-12600.000 Z=100.000), Max=(X=-25200.000 Y=-12600.000 Z=100.000) RuntimeGrid:None EditorOnly:0 RuntimeOnly:0 HLODRelevant:0
 |   |   |- Guid:623C7FA34B700EA8179D99A74222BE91 BaseClass: NativeClass:/Script/Landscape.LandscapeStreamingProxy Name:LandscapeStreamingProxy_BLSND9798JKUT5EXYGRREA23N_126_1_0_0 Label:LandscapeStreamingProxy_1_0_0 SpatiallyLoaded:1 Bounds:IsValid=true, Min=(X=-12600.000 Y=-25200.000 Z=100.000), Max=(X=-12600.000 Y=-25200.000 Z=100.000) RuntimeGrid:None EditorOnly:0 RuntimeOnly:0 HLODRelevant:0
 |   |   |- Guid:634EC3874D2780FC4DD819A01EC65B63 BaseClass: NativeClass:/Script/Landscape.LandscapeStreamingProxy Name:LandscapeStreamingProxy_BLSND9798JKUT5EXYGRREA23N_126_1_2_0 Label:LandscapeStreamingProxy_1_2_0 SpatiallyLoaded:1 Bounds:IsValid=true, Min=(X=-12600.000 Y=0.000 Z=100.000), Max=(X=0.000 Y=12600.000 Z=5891.406) RuntimeGrid:None EditorOnly:0 RuntimeOnly:0 HLODRelevant:1
 |   |   |- Guid:645A97AF4737711FB72AA49F1FB5D543 BaseClass: NativeClass:/Script/Landscape.LandscapeStreamingProxy Name:LandscapeStreamingProxy_BLSND9798JKUT5EXYGRREA23N_126_3_2_0 Label:LandscapeStreamingProxy_3_2_0 SpatiallyLoaded:1 Bounds:IsValid=true, Min=(X=12600.000 Y=0.000 Z=100.000), Max=(X=12600.000 Y=0.000 Z=100.000) RuntimeGrid:None EditorOnly:0 RuntimeOnly:0 HLODRelevant:0
 |   |   |- Guid:6BAF4DDD444C60371492D3919DB42C97 BaseClass: NativeClass:/Script/Engine.WorldDataLayers Name:WorldDataLayers Label:WorldDataLayers SpatiallyLoaded:0 Bounds:IsValid=true, Min=(X=0.000 Y=0.000 Z=0.000), Max=(X=0.000 Y=0.000 Z=0.000) RuntimeGrid:None EditorOnly:0 RuntimeOnly:0 HLODRelevant:0
 |   |   |- Guid:6C6E79FB4988FFB75960D1AE6B86A987 BaseClass: NativeClass:/Script/Engine.StaticMeshActor Name:StaticMeshActor_UAID_E0D55ED8DBB208C101_1579616448 Label:S_Modular_Stone_Wall_xfxobiziy_lod5_Var21 SpatiallyLoaded:1 Bounds:IsValid=true, Min=(X=1790.000 Y=-279.631 Z=100.000), Max=(X=1990.000 Y=-240.228 Z=189.862) RuntimeGrid:None EditorOnly:0 RuntimeOnly:0 HLODRelevant:1 FolderPath:Muros FolderGuid:620DBBD943A829103777E6B193F4B0E7
 |   |   |- Guid:71663C8C4C4A9403BAEB25848000F851 BaseClass:/Game/Characters/Decomap/BP_Muros.BP_Muros_C NativeClass:/Script/Engine.Actor Name:BP_Muros_C_UAID_E0D55ED8DBB208C101_1450112427 Label:BP_Muros SpatiallyLoaded:1 Bounds:IsValid=true, Min=(X=-10.000 Y=880.369 Z=100.000), Max=(X=190.000 Y=919.772 Z=189.862) RuntimeGrid:None EditorOnly:0 RuntimeOnly:0 HLODRelevant:0 FolderPath:Muros FolderGuid:620DBBD943A829103777E6B193F4B0E7
 |   |   |- Guid:77CAA0224D1033BD5E566CA575BAC8C5 BaseClass: NativeClass:/Script/Engine.StaticMeshActor Name:StaticMeshActor_UAID_E0D55ED8DBB208C101_1579610446 Label:S_Modular_Stone_Wall_xfxobiziy_lod5_Var19 SpatiallyLoaded:1 Bounds:IsValid=true, Min=(X=2190.000 Y=-279.631 Z=100.000), Max=(X=2390.000 Y=-240.228 Z=189.862) RuntimeGrid:None EditorOnly:0 RuntimeOnly:0 HLODRelevant:1 FolderPath:Muros FolderGuid:620DBBD943A829103777E6B193F4B0E7
 |   |   |- Guid:8BCF349F4672BFACF9E33EA6C44DE2E9 BaseClass: NativeClass:/Script/Engine.StaticMeshActor Name:StaticMeshActor_UAID_E0D55ED8DBB208C101_1579608445 Label:S_Modular_Stone_Wall_xfxobiziy_lod5_Var18 SpatiallyLoaded:1 Bounds:IsValid=true, Min=(X=2390.000 Y=-279.631 Z=100.000), Max=(X=2590.000 Y=-240.228 Z=189.862) RuntimeGrid:None EditorOnly:0 RuntimeOnly:0 HLODRelevant:1 FolderPath:Muros FolderGuid:620DBBD943A829103777E6B193F4B0E7
 |   |   |- Guid:8F9F479C4CF754067898D5A2624F026E BaseClass: NativeClass:/Script/Landscape.LandscapeStreamingProxy Name:LandscapeStreamingProxy_BLSND9798JKUT5EXYGRREA23N_126_2_0_0 Label:LandscapeStreamingProxy_2_0_0 SpatiallyLoaded:1 Bounds:IsValid=true, Min=(X=0.000 Y=-25200.000 Z=100.000), Max=(X=0.000 Y=-25200.000 Z=100.000) RuntimeGrid:None EditorOnly:0 RuntimeOnly:0 HLODRelevant:0
 |   |   |- Guid:91AD64B04BDA76A899A9708D10B5D2B2 BaseClass: NativeClass:/Script/Engine.PainCausingVolume Name:PainCausingVolume_UAID_FC3497E2C17852BC01_2014200119 Label:PainCausingVolume SpatiallyLoaded:1 Bounds:IsValid=true, Min=(X=1190.000 Y=1500.000 Z=10.000), Max=(X=1390.000 Y=1700.000 Z=210.000) RuntimeGrid:None EditorOnly:0 RuntimeOnly:0 HLODRelevant:0
 |   |   |- Guid:932C2FA34880BF63837DF2B245C32A89 BaseClass: NativeClass:/Script/Landscape.LandscapeStreamingProxy Name:LandscapeStreamingProxy_BLSND9798JKUT5EXYGRREA23N_126_0_3_0 Label:LandscapeStreamingProxy_0_3_0 SpatiallyLoaded:1 Bounds:IsValid=true, Min=(X=-25200.000 Y=12600.000 Z=100.000), Max=(X=-25200.000 Y=12600.000 Z=100.000) RuntimeGrid:None EditorOnly:0 RuntimeOnly:0 HLODRelevant:0
 |   |   |- Guid:97F0798D4E4D20F5D75D33923698C3E1 BaseClass: NativeClass:/Script/Landscape.LandscapeStreamingProxy Name:LandscapeStreamingProxy_BLSND9798JKUT5EXYGRREA23N_126_2_3_0 Label:LandscapeStreamingProxy_2_3_0 SpatiallyLoaded:1 Bounds:IsValid=true, Min=(X=0.000 Y=12600.000 Z=100.000), Max=(X=0.000 Y=12600.000 Z=100.000) RuntimeGrid:None EditorOnly:0 RuntimeOnly:0 HLODRelevant:0
 |   |   |- Guid:9EE9EDCA41BCD892BC141487A0418566 BaseClass: NativeClass:/Script/Engine.StaticMeshActor Name:StaticMeshActor_UAID_E0D55ED8DBB208C101_1549697442 Label:S_Modular_Stone_Wall_xfxobiziy_lod5_Var15 SpatiallyLoaded:1 Bounds:IsValid=true, Min=(X=390.000 Y=-279.631 Z=100.000), Max=(X=590.000 Y=-240.228 Z=189.862) RuntimeGrid:None EditorOnly:0 RuntimeOnly:0 HLODRelevant:1 FolderPath:Muros FolderGuid:620DBBD943A829103777E6B193F4B0E7
 |   |   |- Guid:A2122F02440856A42AA2C897E5FF6ED9 BaseClass: NativeClass:/Script/Landscape.LandscapeStreamingProxy Name:LandscapeStreamingProxy_BLSND9798JKUT5EXYGRREA23N_126_1_1_0 Label:LandscapeStreamingProxy_1_1_0 SpatiallyLoaded:1 Bounds:IsValid=true, Min=(X=-12600.000 Y=-12600.000 Z=100.000), Max=(X=0.000 Y=0.000 Z=7317.188) RuntimeGrid:None EditorOnly:0 RuntimeOnly:0 HLODRelevant:1
 |   |   |- Guid:A4886AB54B32F702F7C7CF97A414C6A3 BaseClass: NativeClass:/Script/Landscape.LandscapeStreamingProxy Name:LandscapeStreamingProxy_BLSND9798JKUT5EXYGRREA23N_126_3_1_0 Label:LandscapeStreamingProxy_3_1_0 SpatiallyLoaded:1 Bounds:IsValid=true, Min=(X=12600.000 Y=-12600.000 Z=100.000), Max=(X=12600.000 Y=-12600.000 Z=100.000) RuntimeGrid:None EditorOnly:0 RuntimeOnly:0 HLODRelevant:0
 |   |   |- Guid:AAE1BFA2436621CD55BECF9BD04F3D41 BaseClass:/Game/Characters/Enemy/BP_Enemy.BP_Enemy_C NativeClass:/Script/Engine.Character Name:BP_Enemy_C_UAID_FC3497E2C17868BC01_1142343991 Label:BP_Enemy SpatiallyLoaded:1 Bounds:IsValid=true, Min=(X=-5294.142 Y=4670.849 Z=73.723), Max=(X=-5162.294 Y=4805.778 Z=274.223) RuntimeGrid:None EditorOnly:0 RuntimeOnly:0 HLODRelevant:0
 |   |   |- Guid:B785ED2844B84CFB91E7F39FE661CD99 BaseClass: NativeClass:/Script/Engine.DirectionalLight Name:DirectionalLight_0 Label:DirectionalLight SpatiallyLoaded:0 Bounds:IsValid=true, Min=(X=-1048576.000 Y=-1048576.000 Z=-1048576.000), Max=(X=1048576.000 Y=1048576.000 Z=1048576.000) RuntimeGrid:None EditorOnly:0 RuntimeOnly:0 HLODRelevant:0 FolderPath:Lighting FolderGuid:963EC3EB4002CCE9759E2EBA541A873A
 |   |   |- Guid:C179724A483F78E1F6F016B304815ED6 BaseClass: NativeClass:/Script/Engine.StaticMeshActor Name:StaticMeshActor_UAID_E0D55ED8DBB208C101_1461152428 Label:S_Modular_Stone_Wall_xfxobiziy_lod5_Var1 SpatiallyLoaded:1 Bounds:IsValid=true, Min=(X=-210.000 Y=-279.631 Z=100.000), Max=(X=-10.000 Y=-240.228 Z=189.862) RuntimeGrid:None EditorOnly:0 RuntimeOnly:0 HLODRelevant:1 FolderPath:Muros FolderGuid:620DBBD943A829103777E6B193F4B0E7
 |   |   |- Guid:C76F900D454CFD55617818B842936BCF BaseClass: NativeClass:/Script/Engine.StaticMeshActor Name:StaticMeshActor_UAID_E0D55ED8DBB208C101_1631846453 Label:S_Modular_Stone_Wall_xfxobiziy_lod5_Var26 SpatiallyLoaded:1 Bounds:IsValid=true, Min=(X=-2610.000 Y=-279.631 Z=100.000), Max=(X=-2410.000 Y=-240.228 Z=189.862) RuntimeGrid:None EditorOnly:0 RuntimeOnly:0 HLODRelevant:1 FolderPath:Muros FolderGuid:620DBBD943A829103777E6B193F4B0E7
 |   |   |- Guid:CBE303C14F6ECF85DAD972885BB47576 BaseClass: NativeClass:/Script/Engine.StaticMeshActor Name:StaticMeshActor_UAID_E0D55ED8DBB208C101_1549688439 Label:S_Modular_Stone_Wall_xfxobiziy_lod5_Var12 SpatiallyLoaded:1 Bounds:IsValid=true, Min=(X=990.000 Y=-279.631 Z=100.000), Max=(X=1190.000 Y=-240.228 Z=189.862) RuntimeGrid:None EditorOnly:0 RuntimeOnly:0 HLODRelevant:1 FolderPath:Muros FolderGuid:620DBBD943A829103777E6B193F4B0E7
 |   |   |- Guid:CCFF262C46EEFFDF319E7F9539CE697E BaseClass: NativeClass:/Script/Engine.SkyAtmosphere Name:SkyAtmosphere_0 Label:SkyAtmosphere SpatiallyLoaded:0 Bounds:IsValid=true, Min=(X=0.000 Y=0.000 Z=1020.000), Max=(X=0.000 Y=0.000 Z=1020.000) RuntimeGrid:None EditorOnly:0 RuntimeOnly:0 HLODRelevant:0 FolderPath:Lighting FolderGuid:963EC3EB4002CCE9759E2EBA541A873A
 |   |   |- Guid:CDF3052F4B6F05D0CD9BDCA9BDAC3CD8 BaseClass: NativeClass:/Script/Engine.StaticMeshActor Name:StaticMeshActor_UAID_E0D55ED8DBB208C101_1549686438 Label:S_Modular_Stone_Wall_xfxobiziy_lod5_Var11 SpatiallyLoaded:1 Bounds:IsValid=true, Min=(X=1190.000 Y=-279.631 Z=100.000), Max=(X=1390.000 Y=-240.228 Z=189.862) RuntimeGrid:None EditorOnly:0 RuntimeOnly:0 HLODRelevant:1 FolderPath:Muros FolderGuid:620DBBD943A829103777E6B193F4B0E7
 |   |   |- Guid:D4DF4BAC471E7736547D4A8AA25CCDC3 BaseClass: NativeClass:/Script/Engine.StaticMeshActor Name:StaticMeshActor_UAID_E0D55ED8DBB208C101_1549699443 Label:S_Modular_Stone_Wall_xfxobiziy_lod5_Var16 SpatiallyLoaded:1 Bounds:IsValid=true, Min=(X=190.000 Y=-279.631 Z=100.000), Max=(X=390.000 Y=-240.228 Z=189.862) RuntimeGrid:None EditorOnly:0 RuntimeOnly:0 HLODRelevant:1 FolderPath:Muros FolderGuid:620DBBD943A829103777E6B193F4B0E7
 |   |   |- Guid:D83F3CFB49218A21F3C427B3AD6159C7 BaseClass: NativeClass:/Script/Landscape.LandscapeStreamingProxy Name:LandscapeStreamingProxy_BLSND9798JKUT5EXYGRREA23N_126_0_2_0 Label:LandscapeStreamingProxy_0_2_0 SpatiallyLoaded:1 Bounds:IsValid=true, Min=(X=-25200.000 Y=0.000 Z=100.000), Max=(X=-25200.000 Y=0.000 Z=100.000) RuntimeGrid:None EditorOnly:0 RuntimeOnly:0 HLODRelevant:0
 |   |   |- Guid:D9BF4A7442720A80F4429690E20FA679 BaseClass: NativeClass:/Script/Engine.StaticMeshActor Name:StaticMeshActor_UAID_E0D55ED8DBB208C101_1488528429 Label:S_Modular_Stone_Wall_xfxobiziy_lod5_Var2 SpatiallyLoaded:1 Bounds:IsValid=true, Min=(X=-410.000 Y=-279.631 Z=100.000), Max=(X=-210.000 Y=-240.228 Z=189.862) RuntimeGrid:None EditorOnly:0 RuntimeOnly:0 HLODRelevant:1 FolderPath:Muros FolderGuid:620DBBD943A829103777E6B193F4B0E7
 |   |   |- Guid:DD39479149964516708161AC1C24B024 BaseClass: NativeClass:/Script/Engine.StaticMeshActor Name:StaticMeshActor_UAID_E0D55ED8DBB208C101_1549695441 Label:S_Modular_Stone_Wall_xfxobiziy_lod5_Var14 SpatiallyLoaded:1 Bounds:IsValid=true, Min=(X=590.000 Y=-279.631 Z=100.000), Max=(X=790.000 Y=-240.228 Z=189.862) RuntimeGrid:None EditorOnly:0 RuntimeOnly:0 HLODRelevant:1 FolderPath:Muros FolderGuid:620DBBD943A829103777E6B193F4B0E7
 |   |   |- Guid:E0581721402EFE3C71149FBA93239305 BaseClass: NativeClass:/Script/Landscape.LandscapeStreamingProxy Name:LandscapeStreamingProxy_BLSND9798JKUT5EXYGRREA23N_126_2_2_0 Label:LandscapeStreamingProxy_2_2_0 SpatiallyLoaded:1 Bounds:IsValid=true, Min=(X=0.000 Y=0.000 Z=100.000), Max=(X=12600.000 Y=12600.000 Z=7379.688) RuntimeGrid:None EditorOnly:0 RuntimeOnly:0 HLODRelevant:1
 |   |   |- Guid:E110C7C94B7CEF5650DF52969B84D05E BaseClass: NativeClass:/Script/Engine.StaticMeshActor Name:StaticMeshActor_UAID_E0D55ED8DBB208C101_1579604444 Label:S_Modular_Stone_Wall_xfxobiziy_lod5_Var17 SpatiallyLoaded:1 Bounds:IsValid=true, Min=(X=2590.000 Y=-279.631 Z=100.000), Max=(X=2790.000 Y=-240.228 Z=189.862) RuntimeGrid:None EditorOnly:0 RuntimeOnly:0 HLODRelevant:1 FolderPath:Muros FolderGuid:620DBBD943A829103777E6B193F4B0E7
 |   |   |- Guid:E4A8F07A436D05792D0954BFB7D63F4F BaseClass: NativeClass:/Script/Engine.StaticMeshActor Name:StaticMeshActor_UAID_E0D55ED8DBB208C101_1579613447 Label:S_Modular_Stone_Wall_xfxobiziy_lod5_Var20 SpatiallyLoaded:1 Bounds:IsValid=true, Min=(X=1990.000 Y=-279.631 Z=100.000), Max=(X=2190.000 Y=-240.228 Z=189.862) RuntimeGrid:None EditorOnly:0 RuntimeOnly:0 HLODRelevant:1 FolderPath:Muros FolderGuid:620DBBD943A829103777E6B193F4B0E7
 |   |   |- Guid:E553B7E14CD07617990AB8B1C9D3BBE1 BaseClass: NativeClass:/Script/Landscape.Landscape Name:Landscape_UAID_E0D55ED8DBB2CDC001_1600002991 Label:Landscape SpatiallyLoaded:0 Bounds:IsValid=true, Min=(X=-25200.000 Y=-25200.000 Z=100.000), Max=(X=-25200.000 Y=-25200.000 Z=100.000) RuntimeGrid:None EditorOnly:0 RuntimeOnly:0 HLODRelevant:0
 |   |   |- Guid:EC4E0C944CE6AC6E784BC6BB2916EA13 BaseClass: NativeClass:/Script/Engine.StaticMeshActor Name:StaticMeshActor_UAID_A4AE111137DC5EFB00_1110535423 Label:SM_SkySphere SpatiallyLoaded:0 Bounds:IsValid=true, Min=(X=-1638400.000 Y=-1638400.000 Z=-1638400.000), Max=(X=1638400.000 Y=1638400.000 Z=1638400.000) RuntimeGrid:None EditorOnly:0 RuntimeOnly:0 HLODRelevant:1 FolderPath:Lighting FolderGuid:963EC3EB4002CCE9759E2EBA541A873A
 |   |   |- Guid:EF7E6DFC4D45741D901478978EF6BE7D BaseClass: NativeClass:/Script/Engine.StaticMeshActor Name:StaticMeshActor_UAID_E0D55ED8DBB208C101_1631842451 Label:S_Modular_Stone_Wall_xfxobiziy_lod5_Var24 SpatiallyLoaded:1 Bounds:IsValid=true, Min=(X=-2210.000 Y=-279.631 Z=100.000), Max=(X=-2010.000 Y=-240.228 Z=189.862) RuntimeGrid:None EditorOnly:0 RuntimeOnly:0 HLODRelevant:1 FolderPath:Muros FolderGuid:620DBBD943A829103777E6B193F4B0E7
 |   |   |- Guid:F300A5C24B14B3E3357333813506DCFD BaseClass: NativeClass:/Script/Landscape.LandscapeStreamingProxy Name:LandscapeStreamingProxy_BLSND9798JKUT5EXYGRREA23N_126_1_3_0 Label:LandscapeStreamingProxy_1_3_0 SpatiallyLoaded:1 Bounds:IsValid=true, Min=(X=-12600.000 Y=12600.000 Z=100.000), Max=(X=-12600.000 Y=12600.000 Z=100.000) RuntimeGrid:None EditorOnly:0 RuntimeOnly:0 HLODRelevant:0
 |   |   |- Guid:F5E3FEB3450C49844FD93DA8E083C8AD BaseClass: NativeClass:/Script/Engine.PostProcessVolume Name:PostProcessVolume_0 Label:PostProcessVolume SpatiallyLoaded:0 Bounds:IsValid=true, Min=(X=0.000 Y=0.000 Z=400.000), Max=(X=200.000 Y=200.000 Z=600.000) RuntimeGrid:None EditorOnly:0 RuntimeOnly:0 HLODRelevant:0 FolderPath:Lighting FolderGuid:963EC3EB4002CCE9759E2EBA541A873A
 |   |   |- Guid:FE16D37046A5479282EE87BDBD8C4117 BaseClass: NativeClass:/Script/Engine.StaticMeshActor Name:StaticMeshActor_UAID_E0D55ED8DBB208C101_1510207432 Label:S_Modular_Stone_Wall_xfxobiziy_lod5_Var5 SpatiallyLoaded:1 Bounds:IsValid=true, Min=(X=-1010.000 Y=-279.631 Z=100.000), Max=(X=-810.000 Y=-240.228 Z=189.862) RuntimeGrid:None EditorOnly:0 RuntimeOnly:0 HLODRelevant:1 FolderPath:Muros FolderGuid:620DBBD943A829103777E6B193F4B0E7
 |   |   |- Guid:FF4255794F4AFFF2BB9C18A7E703C021 BaseClass: NativeClass:/Script/Engine.StaticMeshActor Name:StaticMeshActor_UAID_E0D55ED8DBB208C101_1631844452 Label:S_Modular_Stone_Wall_xfxobiziy_lod5_Var25 SpatiallyLoaded:1 Bounds:IsValid=true, Min=(X=-2410.000 Y=-279.631 Z=100.000), Max=(X=-2210.000 Y=-240.228 Z=189.862) RuntimeGrid:None EditorOnly:0 RuntimeOnly:0 HLODRelevant:1 FolderPath:Muros FolderGuid:620DBBD943A829103777E6B193F4B0E7
 |   |   |- Guid:FFC05F784D44E72CEAFD23809A2373F7 BaseClass: NativeClass:/Script/Engine.StaticMeshActor Name:StaticMeshActor_UAID_E0D55ED8DBB208C101_1510214435 Label:S_Modular_Stone_Wall_xfxobiziy_lod5_Var8 SpatiallyLoaded:1 Bounds:IsValid=true, Min=(X=-1610.000 Y=-279.631 Z=100.000), Max=(X=-1410.000 Y=-240.228 Z=189.862) RuntimeGrid:None EditorOnly:0 RuntimeOnly:0 HLODRelevant:1 FolderPath:Muros FolderGuid:620DBBD943A829103777E6B193F4B0E7
 |   |- [+] Clusters:
 |   |   |- [+] [  0]
 |   |   |   |- Guid:6BAF4DDD444C60371492D3919DB42C97 BaseClass: NativeClass:/Script/Engine.WorldDataLayers Name:WorldDataLayers Label:WorldDataLayers SpatiallyLoaded:0 Bounds:IsValid=true, Min=(X=0.000 Y=0.000 Z=0.000), Max=(X=0.000 Y=0.000 Z=0.000) RuntimeGrid:None EditorOnly:0 RuntimeOnly:0 HLODRelevant:0
 |   |   |- [+] [  1]
 |   |   |   |- Guid:A4886AB54B32F702F7C7CF97A414C6A3 BaseClass: NativeClass:/Script/Landscape.LandscapeStreamingProxy Name:LandscapeStreamingProxy_BLSND9798JKUT5EXYGRREA23N_126_3_1_0 Label:LandscapeStreamingProxy_3_1_0 SpatiallyLoaded:1 Bounds:IsValid=true, Min=(X=12600.000 Y=-12600.000 Z=100.000), Max=(X=12600.000 Y=-12600.000 Z=100.000) RuntimeGrid:None EditorOnly:0 RuntimeOnly:0 HLODRelevant:0
 |   |   |- [+] [  2]
 |   |   |   |- Guid:F5E3FEB3450C49844FD93DA8E083C8AD BaseClass: NativeClass:/Script/Engine.PostProcessVolume Name:PostProcessVolume_0 Label:PostProcessVolume SpatiallyLoaded:0 Bounds:IsValid=true, Min=(X=0.000 Y=0.000 Z=400.000), Max=(X=200.000 Y=200.000 Z=600.000) RuntimeGrid:None EditorOnly:0 RuntimeOnly:0 HLODRelevant:0 FolderPath:Lighting FolderGuid:963EC3EB4002CCE9759E2EBA541A873A
 |   |   |- [+] [  3]
 |   |   |   |- Guid:4D3BE93F4146AAAC8BBE79999D96D57F BaseClass: NativeClass:/Script/Engine.VolumetricCloud Name:VolumetricCloud_0 Label:VolumetricCloud SpatiallyLoaded:0 Bounds:IsValid=true, Min=(X=0.000 Y=0.000 Z=820.000), Max=(X=0.000 Y=0.000 Z=820.000) RuntimeGrid:None EditorOnly:0 RuntimeOnly:0 HLODRelevant:0 FolderPath:Lighting FolderGuid:963EC3EB4002CCE9759E2EBA541A873A
 |   |   |- [+] [  4]
 |   |   |   |- Guid:121C3738462E8C49EB48CFBF913606A6 BaseClass: NativeClass:/Script/Landscape.LandscapeStreamingProxy Name:LandscapeStreamingProxy_BLSND9798JKUT5EXYGRREA23N_126_2_1_0 Label:LandscapeStreamingProxy_2_1_0 SpatiallyLoaded:1 Bounds:IsValid=true, Min=(X=0.000 Y=-12600.000 Z=100.000), Max=(X=12600.000 Y=0.000 Z=6646.094) RuntimeGrid:None EditorOnly:0 RuntimeOnly:0 HLODRelevant:1
 |   |   |- [+] [  5]
 |   |   |   |- Guid:CCFF262C46EEFFDF319E7F9539CE697E BaseClass: NativeClass:/Script/Engine.SkyAtmosphere Name:SkyAtmosphere_0 Label:SkyAtmosphere SpatiallyLoaded:0 Bounds:IsValid=true, Min=(X=0.000 Y=0.000 Z=1020.000), Max=(X=0.000 Y=0.000 Z=1020.000) RuntimeGrid:None EditorOnly:0 RuntimeOnly:0 HLODRelevant:0 FolderPath:Lighting FolderGuid:963EC3EB4002CCE9759E2EBA541A873A
 |   |   |- [+] [  6]
 |   |   |   |- Guid:EC4E0C944CE6AC6E784BC6BB2916EA13 BaseClass: NativeClass:/Script/Engine.StaticMeshActor Name:StaticMeshActor_UAID_A4AE111137DC5EFB00_1110535423 Label:SM_SkySphere SpatiallyLoaded:0 Bounds:IsValid=true, Min=(X=-1638400.000 Y=-1638400.000 Z=-1638400.000), Max=(X=1638400.000 Y=1638400.000 Z=1638400.000) RuntimeGrid:None EditorOnly:0 RuntimeOnly:0 HLODRelevant:1 FolderPath:Lighting FolderGuid:963EC3EB4002CCE9759E2EBA541A873A
 |   |   |- [+] [  7]
 |   |   |   |- Guid:D83F3CFB49218A21F3C427B3AD6159C7 BaseClass: NativeClass:/Script/Landscape.LandscapeStreamingProxy Name:LandscapeStreamingProxy_BLSND9798JKUT5EXYGRREA23N_126_0_2_0 Label:LandscapeStreamingProxy_0_2_0 SpatiallyLoaded:1 Bounds:IsValid=true, Min=(X=-25200.000 Y=0.000 Z=100.000), Max=(X=-25200.000 Y=0.000 Z=100.000) RuntimeGrid:None EditorOnly:0 RuntimeOnly:0 HLODRelevant:0
 |   |   |- [+] [  8]
 |   |   |   |- Guid:31CFAEAD4C2FAC33BE3628BC639DBA86 BaseClass: NativeClass:/Script/Landscape.LandscapeStreamingProxy Name:LandscapeStreamingProxy_BLSND9798JKUT5EXYGRREA23N_126_3_3_0 Label:LandscapeStreamingProxy_3_3_0 SpatiallyLoaded:1 Bounds:IsValid=true, Min=(X=12600.000 Y=12600.000 Z=100.000), Max=(X=12600.000 Y=12600.000 Z=100.000) RuntimeGrid:None EditorOnly:0 RuntimeOnly:0 HLODRelevant:0
 |   |   |- [+] [  9]
 |   |   |   |- Guid:8F9F479C4CF754067898D5A2624F026E BaseClass: NativeClass:/Script/Landscape.LandscapeStreamingProxy Name:LandscapeStreamingProxy_BLSND9798JKUT5EXYGRREA23N_126_2_0_0 Label:LandscapeStreamingProxy_2_0_0 SpatiallyLoaded:1 Bounds:IsValid=true, Min=(X=0.000 Y=-25200.000 Z=100.000), Max=(X=0.000 Y=-25200.000 Z=100.000) RuntimeGrid:None EditorOnly:0 RuntimeOnly:0 HLODRelevant:0
 |   |   |- [+] [ 10]
 |   |   |   |- Guid:B785ED2844B84CFB91E7F39FE661CD99 BaseClass: NativeClass:/Script/Engine.DirectionalLight Name:DirectionalLight_0 Label:DirectionalLight SpatiallyLoaded:0 Bounds:IsValid=true, Min=(X=-1048576.000 Y=-1048576.000 Z=-1048576.000), Max=(X=1048576.000 Y=1048576.000 Z=1048576.000) RuntimeGrid:None EditorOnly:0 RuntimeOnly:0 HLODRelevant:0 FolderPath:Lighting FolderGuid:963EC3EB4002CCE9759E2EBA541A873A
 |   |   |- [+] [ 11]
 |   |   |   |- Guid:2386FD054B73066A7D84E08626355E81 BaseClass: NativeClass:/Script/Landscape.LandscapeStreamingProxy Name:LandscapeStreamingProxy_BLSND9798JKUT5EXYGRREA23N_126_0_0_0 Label:LandscapeStreamingProxy_0_0_0 SpatiallyLoaded:1 Bounds:IsValid=true, Min=(X=-25200.000 Y=-25200.000 Z=100.000), Max=(X=-25200.000 Y=-25200.000 Z=100.000) RuntimeGrid:None EditorOnly:0 RuntimeOnly:0 HLODRelevant:0
 |   |   |- [+] [ 12]
 |   |   |   |- Guid:932C2FA34880BF63837DF2B245C32A89 BaseClass: NativeClass:/Script/Landscape.LandscapeStreamingProxy Name:LandscapeStreamingProxy_BLSND9798JKUT5EXYGRREA23N_126_0_3_0 Label:LandscapeStreamingProxy_0_3_0 SpatiallyLoaded:1 Bounds:IsValid=true, Min=(X=-25200.000 Y=12600.000 Z=100.000), Max=(X=-25200.000 Y=12600.000 Z=100.000) RuntimeGrid:None EditorOnly:0 RuntimeOnly:0 HLODRelevant:0
 |   |   |- [+] [ 13]
 |   |   |   |- Guid:A2122F02440856A42AA2C897E5FF6ED9 BaseClass: NativeClass:/Script/Landscape.LandscapeStreamingProxy Name:LandscapeStreamingProxy_BLSND9798JKUT5EXYGRREA23N_126_1_1_0 Label:LandscapeStreamingProxy_1_1_0 SpatiallyLoaded:1 Bounds:IsValid=true, Min=(X=-12600.000 Y=-12600.000 Z=100.000), Max=(X=0.000 Y=0.000 Z=7317.188) RuntimeGrid:None EditorOnly:0 RuntimeOnly:0 HLODRelevant:1
 |   |   |- [+] [ 14]
 |   |   |   |- Guid:316CF2A6494ACA4C0E4180A87D36AB8F BaseClass: NativeClass:/Script/Engine.ExponentialHeightFog Name:ExponentialHeightFog_0 Label:ExponentialHeightFog SpatiallyLoaded:0 Bounds:IsValid=true, Min=(X=-5600.000 Y=-50.000 Z=-6850.000), Max=(X=-5600.000 Y=-50.000 Z=-6850.000) RuntimeGrid:None EditorOnly:0 RuntimeOnly:0 HLODRelevant:0 FolderPath:Lighting FolderGuid:963EC3EB4002CCE9759E2EBA541A873A
 |   |   |- [+] [ 15]
 |   |   |   |- Guid:E553B7E14CD07617990AB8B1C9D3BBE1 BaseClass: NativeClass:/Script/Landscape.Landscape Name:Landscape_UAID_E0D55ED8DBB2CDC001_1600002991 Label:Landscape SpatiallyLoaded:0 Bounds:IsValid=true, Min=(X=-25200.000 Y=-25200.000 Z=100.000), Max=(X=-25200.000 Y=-25200.000 Z=100.000) RuntimeGrid:None EditorOnly:0 RuntimeOnly:0 HLODRelevant:0
 |   |   |- [+] [ 16]
 |   |   |   |- Guid:2FB58999456391D349DC0F86DAC136ED BaseClass: NativeClass:/Script/Engine.SkyLight Name:SkyLight_1 Label:SkyLight SpatiallyLoaded:0 Bounds:IsValid=true, Min=(X=0.000 Y=0.000 Z=690.000), Max=(X=0.000 Y=0.000 Z=690.000) RuntimeGrid:None EditorOnly:0 RuntimeOnly:0 HLODRelevant:0 FolderPath:Lighting FolderGuid:963EC3EB4002CCE9759E2EBA541A873A
 |   |   |- [+] [ 17]
 |   |   |   |- Guid:60BCA1B943F03544C670C0827E50C66E BaseClass: NativeClass:/Script/Landscape.LandscapeStreamingProxy Name:LandscapeStreamingProxy_BLSND9798JKUT5EXYGRREA23N_126_0_1_0 Label:LandscapeStreamingProxy_0_1_0 SpatiallyLoaded:1 Bounds:IsValid=true, Min=(X=-25200.000 Y=-12600.000 Z=100.000), Max=(X=-25200.000 Y=-12600.000 Z=100.000) RuntimeGrid:None EditorOnly:0 RuntimeOnly:0 HLODRelevant:0
 |   |   |- [+] [ 18]
 |   |   |   |- Guid:E0581721402EFE3C71149FBA93239305 BaseClass: NativeClass:/Script/Landscape.LandscapeStreamingProxy Name:LandscapeStreamingProxy_BLSND9798JKUT5EXYGRREA23N_126_2_2_0 Label:LandscapeStreamingProxy_2_2_0 SpatiallyLoaded:1 Bounds:IsValid=true, Min=(X=0.000 Y=0.000 Z=100.000), Max=(X=12600.000 Y=12600.000 Z=7379.688) RuntimeGrid:None EditorOnly:0 RuntimeOnly:0 HLODRelevant:1
 |   |   |- [+] [ 19]
 |   |   |   |- Guid:91AD64B04BDA76A899A9708D10B5D2B2 BaseClass: NativeClass:/Script/Engine.PainCausingVolume Name:PainCausingVolume_UAID_FC3497E2C17852BC01_2014200119 Label:PainCausingVolume SpatiallyLoaded:1 Bounds:IsValid=true, Min=(X=1190.000 Y=1500.000 Z=10.000), Max=(X=1390.000 Y=1700.000 Z=210.000) RuntimeGrid:None EditorOnly:0 RuntimeOnly:0 HLODRelevant:0
 |   |   |- [+] [ 20]
 |   |   |   |- Guid:062ABB7748E009827E56489B9FCDC930 BaseClass: NativeClass:/Script/Foliage.InstancedFoliageActor Name:InstancedFoliageActor_UAID_E0D55ED8DBB2E5C001_1603156215 Label:InstancedFoliageActor SpatiallyLoaded:1 Bounds:IsValid=true, Min=(X=-0.500 Y=-0.500 Z=-0.500), Max=(X=0.500 Y=0.500 Z=0.500) RuntimeGrid:None EditorOnly:0 RuntimeOnly:0 HLODRelevant:0
 |   |   |- [+] [ 21]
 |   |   |   |- Guid:97F0798D4E4D20F5D75D33923698C3E1 BaseClass: NativeClass:/Script/Landscape.LandscapeStreamingProxy Name:LandscapeStreamingProxy_BLSND9798JKUT5EXYGRREA23N_126_2_3_0 Label:LandscapeStreamingProxy_2_3_0 SpatiallyLoaded:1 Bounds:IsValid=true, Min=(X=0.000 Y=12600.000 Z=100.000), Max=(X=0.000 Y=12600.000 Z=100.000) RuntimeGrid:None EditorOnly:0 RuntimeOnly:0 HLODRelevant:0
 |   |   |- [+] [ 22]
 |   |   |   |- Guid:645A97AF4737711FB72AA49F1FB5D543 BaseClass: NativeClass:/Script/Landscape.LandscapeStreamingProxy Name:LandscapeStreamingProxy_BLSND9798JKUT5EXYGRREA23N_126_3_2_0 Label:LandscapeStreamingProxy_3_2_0 SpatiallyLoaded:1 Bounds:IsValid=true, Min=(X=12600.000 Y=0.000 Z=100.000), Max=(X=12600.000 Y=0.000 Z=100.000) RuntimeGrid:None EditorOnly:0 RuntimeOnly:0 HLODRelevant:0
 |   |   |- [+] [ 23]
 |   |   |   |- Guid:F300A5C24B14B3E3357333813506DCFD BaseClass: NativeClass:/Script/Landscape.LandscapeStreamingProxy Name:LandscapeStreamingProxy_BLSND9798JKUT5EXYGRREA23N_126_1_3_0 Label:LandscapeStreamingProxy_1_3_0 SpatiallyLoaded:1 Bounds:IsValid=true, Min=(X=-12600.000 Y=12600.000 Z=100.000), Max=(X=-12600.000 Y=12600.000 Z=100.000) RuntimeGrid:None EditorOnly:0 RuntimeOnly:0 HLODRelevant:0
 |   |   |- [+] [ 24]
 |   |   |   |- Guid:5E8D74B6493DA6FDA4BEEC86A1B4F717 BaseClass: NativeClass:/Script/Landscape.LandscapeStreamingProxy Name:LandscapeStreamingProxy_BLSND9798JKUT5EXYGRREA23N_126_3_0_0 Label:LandscapeStreamingProxy_3_0_0 SpatiallyLoaded:1 Bounds:IsValid=true, Min=(X=12600.000 Y=-25200.000 Z=100.000), Max=(X=12600.000 Y=-25200.000 Z=100.000) RuntimeGrid:None EditorOnly:0 RuntimeOnly:0 HLODRelevant:0
 |   |   |- [+] [ 25]
 |   |   |   |- Guid:623C7FA34B700EA8179D99A74222BE91 BaseClass: NativeClass:/Script/Landscape.LandscapeStreamingProxy Name:LandscapeStreamingProxy_BLSND9798JKUT5EXYGRREA23N_126_1_0_0 Label:LandscapeStreamingProxy_1_0_0 SpatiallyLoaded:1 Bounds:IsValid=true, Min=(X=-12600.000 Y=-25200.000 Z=100.000), Max=(X=-12600.000 Y=-25200.000 Z=100.000) RuntimeGrid:None EditorOnly:0 RuntimeOnly:0 HLODRelevant:0
 |   |   |- [+] [ 26]
 |   |   |   |- Guid:3A00AA1C422CE54C0BDB60BAF471BFBB BaseClass: NativeClass:/Script/Engine.PlayerStart Name:PlayerStart_0 Label:PlayerStart SpatiallyLoaded:0 Bounds:IsValid=true, Min=(X=860.000 Y=1070.000 Z=160.013), Max=(X=940.000 Y=1150.000 Z=344.013) RuntimeGrid:None EditorOnly:0 RuntimeOnly:0 HLODRelevant:0
 |   |   |- [+] [ 27]
 |   |   |   |- Guid:AAE1BFA2436621CD55BECF9BD04F3D41 BaseClass:/Game/Characters/Enemy/BP_Enemy.BP_Enemy_C NativeClass:/Script/Engine.Character Name:BP_Enemy_C_UAID_FC3497E2C17868BC01_1142343991 Label:BP_Enemy SpatiallyLoaded:1 Bounds:IsValid=true, Min=(X=-5294.142 Y=4670.849 Z=73.723), Max=(X=-5162.294 Y=4805.778 Z=274.223) RuntimeGrid:None EditorOnly:0 RuntimeOnly:0 HLODRelevant:0
 |   |   |- [+] [ 28]
 |   |   |   |- Guid:634EC3874D2780FC4DD819A01EC65B63 BaseClass: NativeClass:/Script/Landscape.LandscapeStreamingProxy Name:LandscapeStreamingProxy_BLSND9798JKUT5EXYGRREA23N_126_1_2_0 Label:LandscapeStreamingProxy_1_2_0 SpatiallyLoaded:1 Bounds:IsValid=true, Min=(X=-12600.000 Y=0.000 Z=100.000), Max=(X=0.000 Y=12600.000 Z=5891.406) RuntimeGrid:None EditorOnly:0 RuntimeOnly:0 HLODRelevant:1
 |   |   |- [+] [ 29]
 |   |   |   |- Guid:C179724A483F78E1F6F016B304815ED6 BaseClass: NativeClass:/Script/Engine.StaticMeshActor Name:StaticMeshActor_UAID_E0D55ED8DBB208C101_1461152428 Label:S_Modular_Stone_Wall_xfxobiziy_lod5_Var1 SpatiallyLoaded:1 Bounds:IsValid=true, Min=(X=-210.000 Y=-279.631 Z=100.000), Max=(X=-10.000 Y=-240.228 Z=189.862) RuntimeGrid:None EditorOnly:0 RuntimeOnly:0 HLODRelevant:1 FolderPath:Muros FolderGuid:620DBBD943A829103777E6B193F4B0E7
 |   |   |- [+] [ 30]
 |   |   |   |- Guid:D9BF4A7442720A80F4429690E20FA679 BaseClass: NativeClass:/Script/Engine.StaticMeshActor Name:StaticMeshActor_UAID_E0D55ED8DBB208C101_1488528429 Label:S_Modular_Stone_Wall_xfxobiziy_lod5_Var2 SpatiallyLoaded:1 Bounds:IsValid=true, Min=(X=-410.000 Y=-279.631 Z=100.000), Max=(X=-210.000 Y=-240.228 Z=189.862) RuntimeGrid:None EditorOnly:0 RuntimeOnly:0 HLODRelevant:1 FolderPath:Muros FolderGuid:620DBBD943A829103777E6B193F4B0E7
 |   |   |- [+] [ 31]
 |   |   |   |- Guid:31FCA7C840355C647A5A3083F71D423A BaseClass: NativeClass:/Script/Engine.StaticMeshActor Name:StaticMeshActor_UAID_E0D55ED8DBB208C101_1502148430 Label:S_Modular_Stone_Wall_xfxobiziy_lod5_Var3 SpatiallyLoaded:1 Bounds:IsValid=true, Min=(X=-610.000 Y=-279.631 Z=100.000), Max=(X=-410.000 Y=-240.228 Z=189.862) RuntimeGrid:None EditorOnly:0 RuntimeOnly:0 HLODRelevant:1 FolderPath:Muros FolderGuid:620DBBD943A829103777E6B193F4B0E7
 |   |   |- [+] [ 32]
 |   |   |   |- Guid:511C6A5340634E515D6B04B52EBC92AD BaseClass: NativeClass:/Script/Engine.StaticMeshActor Name:StaticMeshActor_UAID_E0D55ED8DBB208C101_1502151431 Label:S_Modular_Stone_Wall_xfxobiziy_lod5_Var4 SpatiallyLoaded:1 Bounds:IsValid=true, Min=(X=-810.000 Y=-279.631 Z=100.000), Max=(X=-610.000 Y=-240.228 Z=189.862) RuntimeGrid:None EditorOnly:0 RuntimeOnly:0 HLODRelevant:1 FolderPath:Muros FolderGuid:620DBBD943A829103777E6B193F4B0E7
 |   |   |- [+] [ 33]
 |   |   |   |- Guid:FE16D37046A5479282EE87BDBD8C4117 BaseClass: NativeClass:/Script/Engine.StaticMeshActor Name:StaticMeshActor_UAID_E0D55ED8DBB208C101_1510207432 Label:S_Modular_Stone_Wall_xfxobiziy_lod5_Var5 SpatiallyLoaded:1 Bounds:IsValid=true, Min=(X=-1010.000 Y=-279.631 Z=100.000), Max=(X=-810.000 Y=-240.228 Z=189.862) RuntimeGrid:None EditorOnly:0 RuntimeOnly:0 HLODRelevant:1 FolderPath:Muros FolderGuid:620DBBD943A829103777E6B193F4B0E7
 |   |   |- [+] [ 34]
 |   |   |   |- Guid:196BFED54F279B85F1D072BD49F6ADAD BaseClass: NativeClass:/Script/Engine.StaticMeshActor Name:StaticMeshActor_UAID_E0D55ED8DBB208C101_1510209433 Label:S_Modular_Stone_Wall_xfxobiziy_lod5_Var6 SpatiallyLoaded:1 Bounds:IsValid=true, Min=(X=-1210.000 Y=-279.631 Z=100.000), Max=(X=-1010.000 Y=-240.228 Z=189.862) RuntimeGrid:None EditorOnly:0 RuntimeOnly:0 HLODRelevant:1 FolderPath:Muros FolderGuid:620DBBD943A829103777E6B193F4B0E7
 |   |   |- [+] [ 35]
 |   |   |   |- Guid:4F175CB147FA197E53BDDB878907E94F BaseClass: NativeClass:/Script/Engine.StaticMeshActor Name:StaticMeshActor_UAID_E0D55ED8DBB208C101_1510211434 Label:S_Modular_Stone_Wall_xfxobiziy_lod5_Var7 SpatiallyLoaded:1 Bounds:IsValid=true, Min=(X=-1410.000 Y=-279.631 Z=100.000), Max=(X=-1210.000 Y=-240.228 Z=189.862) RuntimeGrid:None EditorOnly:0 RuntimeOnly:0 HLODRelevant:1 FolderPath:Muros FolderGuid:620DBBD943A829103777E6B193F4B0E7
 |   |   |- [+] [ 36]
 |   |   |   |- Guid:FFC05F784D44E72CEAFD23809A2373F7 BaseClass: NativeClass:/Script/Engine.StaticMeshActor Name:StaticMeshActor_UAID_E0D55ED8DBB208C101_1510214435 Label:S_Modular_Stone_Wall_xfxobiziy_lod5_Var8 SpatiallyLoaded:1 Bounds:IsValid=true, Min=(X=-1610.000 Y=-279.631 Z=100.000), Max=(X=-1410.000 Y=-240.228 Z=189.862) RuntimeGrid:None EditorOnly:0 RuntimeOnly:0 HLODRelevant:1 FolderPath:Muros FolderGuid:620DBBD943A829103777E6B193F4B0E7
 |   |   |- [+] [ 37]
 |   |   |   |- Guid:39126E1F42F81BDC5B616B85F0A78590 BaseClass: NativeClass:/Script/Engine.StaticMeshActor Name:StaticMeshActor_UAID_E0D55ED8DBB208C101_1549681436 Label:S_Modular_Stone_Wall_xfxobiziy_lod5_Var9 SpatiallyLoaded:1 Bounds:IsValid=true, Min=(X=1590.000 Y=-279.631 Z=100.000), Max=(X=1790.000 Y=-240.228 Z=189.862) RuntimeGrid:None EditorOnly:0 RuntimeOnly:0 HLODRelevant:1 FolderPath:Muros FolderGuid:620DBBD943A829103777E6B193F4B0E7
 |   |   |- [+] [ 38]
 |   |   |   |- Guid:3945418545D1B7D1F9E25EA782508AD6 BaseClass: NativeClass:/Script/Engine.StaticMeshActor Name:StaticMeshActor_UAID_E0D55ED8DBB208C101_1549684437 Label:S_Modular_Stone_Wall_xfxobiziy_lod5_Var10 SpatiallyLoaded:1 Bounds:IsValid=true, Min=(X=1390.000 Y=-279.631 Z=100.000), Max=(X=1590.000 Y=-240.228 Z=189.862) RuntimeGrid:None EditorOnly:0 RuntimeOnly:0 HLODRelevant:1 FolderPath:Muros FolderGuid:620DBBD943A829103777E6B193F4B0E7
 |   |   |- [+] [ 39]
 |   |   |   |- Guid:CDF3052F4B6F05D0CD9BDCA9BDAC3CD8 BaseClass: NativeClass:/Script/Engine.StaticMeshActor Name:StaticMeshActor_UAID_E0D55ED8DBB208C101_1549686438 Label:S_Modular_Stone_Wall_xfxobiziy_lod5_Var11 SpatiallyLoaded:1 Bounds:IsValid=true, Min=(X=1190.000 Y=-279.631 Z=100.000), Max=(X=1390.000 Y=-240.228 Z=189.862) RuntimeGrid:None EditorOnly:0 RuntimeOnly:0 HLODRelevant:1 FolderPath:Muros FolderGuid:620DBBD943A829103777E6B193F4B0E7
 |   |   |- [+] [ 40]
 |   |   |   |- Guid:CBE303C14F6ECF85DAD972885BB47576 BaseClass: NativeClass:/Script/Engine.StaticMeshActor Name:StaticMeshActor_UAID_E0D55ED8DBB208C101_1549688439 Label:S_Modular_Stone_Wall_xfxobiziy_lod5_Var12 SpatiallyLoaded:1 Bounds:IsValid=true, Min=(X=990.000 Y=-279.631 Z=100.000), Max=(X=1190.000 Y=-240.228 Z=189.862) RuntimeGrid:None EditorOnly:0 RuntimeOnly:0 HLODRelevant:1 FolderPath:Muros FolderGuid:620DBBD943A829103777E6B193F4B0E7
 |   |   |- [+] [ 41]
 |   |   |   |- Guid:1B39BF8C490884572DC612A629848A16 BaseClass: NativeClass:/Script/Engine.StaticMeshActor Name:StaticMeshActor_UAID_E0D55ED8DBB208C101_1549691440 Label:S_Modular_Stone_Wall_xfxobiziy_lod5_Var13 SpatiallyLoaded:1 Bounds:IsValid=true, Min=(X=790.000 Y=-279.631 Z=100.000), Max=(X=990.000 Y=-240.228 Z=189.862) RuntimeGrid:None EditorOnly:0 RuntimeOnly:0 HLODRelevant:1 FolderPath:Muros FolderGuid:620DBBD943A829103777E6B193F4B0E7
 |   |   |- [+] [ 42]
 |   |   |   |- Guid:DD39479149964516708161AC1C24B024 BaseClass: NativeClass:/Script/Engine.StaticMeshActor Name:StaticMeshActor_UAID_E0D55ED8DBB208C101_1549695441 Label:S_Modular_Stone_Wall_xfxobiziy_lod5_Var14 SpatiallyLoaded:1 Bounds:IsValid=true, Min=(X=590.000 Y=-279.631 Z=100.000), Max=(X=790.000 Y=-240.228 Z=189.862) RuntimeGrid:None EditorOnly:0 RuntimeOnly:0 HLODRelevant:1 FolderPath:Muros FolderGuid:620DBBD943A829103777E6B193F4B0E7
 |   |   |- [+] [ 43]
 |   |   |   |- Guid:9EE9EDCA41BCD892BC141487A0418566 BaseClass: NativeClass:/Script/Engine.StaticMeshActor Name:StaticMeshActor_UAID_E0D55ED8DBB208C101_1549697442 Label:S_Modular_Stone_Wall_xfxobiziy_lod5_Var15 SpatiallyLoaded:1 Bounds:IsValid=true, Min=(X=390.000 Y=-279.631 Z=100.000), Max=(X=590.000 Y=-240.228 Z=189.862) RuntimeGrid:None EditorOnly:0 RuntimeOnly:0 HLODRelevant:1 FolderPath:Muros FolderGuid:620DBBD943A829103777E6B193F4B0E7
 |   |   |- [+] [ 44]
 |   |   |   |- Guid:D4DF4BAC471E7736547D4A8AA25CCDC3 BaseClass: NativeClass:/Script/Engine.StaticMeshActor Name:StaticMeshActor_UAID_E0D55ED8DBB208C101_1549699443 Label:S_Modular_Stone_Wall_xfxobiziy_lod5_Var16 SpatiallyLoaded:1 Bounds:IsValid=true, Min=(X=190.000 Y=-279.631 Z=100.000), Max=(X=390.000 Y=-240.228 Z=189.862) RuntimeGrid:None EditorOnly:0 RuntimeOnly:0 HLODRelevant:1 FolderPath:Muros FolderGuid:620DBBD943A829103777E6B193F4B0E7
 |   |   |- [+] [ 45]
 |   |   |   |- Guid:E110C7C94B7CEF5650DF52969B84D05E BaseClass: NativeClass:/Script/Engine.StaticMeshActor Name:StaticMeshActor_UAID_E0D55ED8DBB208C101_1579604444 Label:S_Modular_Stone_Wall_xfxobiziy_lod5_Var17 SpatiallyLoaded:1 Bounds:IsValid=true, Min=(X=2590.000 Y=-279.631 Z=100.000), Max=(X=2790.000 Y=-240.228 Z=189.862) RuntimeGrid:None EditorOnly:0 RuntimeOnly:0 HLODRelevant:1 FolderPath:Muros FolderGuid:620DBBD943A829103777E6B193F4B0E7
 |   |   |- [+] [ 46]
 |   |   |   |- Guid:8BCF349F4672BFACF9E33EA6C44DE2E9 BaseClass: NativeClass:/Script/Engine.StaticMeshActor Name:StaticMeshActor_UAID_E0D55ED8DBB208C101_1579608445 Label:S_Modular_Stone_Wall_xfxobiziy_lod5_Var18 SpatiallyLoaded:1 Bounds:IsValid=true, Min=(X=2390.000 Y=-279.631 Z=100.000), Max=(X=2590.000 Y=-240.228 Z=189.862) RuntimeGrid:None EditorOnly:0 RuntimeOnly:0 HLODRelevant:1 FolderPath:Muros FolderGuid:620DBBD943A829103777E6B193F4B0E7
 |   |   |- [+] [ 47]
 |   |   |   |- Guid:77CAA0224D1033BD5E566CA575BAC8C5 BaseClass: NativeClass:/Script/Engine.StaticMeshActor Name:StaticMeshActor_UAID_E0D55ED8DBB208C101_1579610446 Label:S_Modular_Stone_Wall_xfxobiziy_lod5_Var19 SpatiallyLoaded:1 Bounds:IsValid=true, Min=(X=2190.000 Y=-279.631 Z=100.000), Max=(X=2390.000 Y=-240.228 Z=189.862) RuntimeGrid:None EditorOnly:0 RuntimeOnly:0 HLODRelevant:1 FolderPath:Muros FolderGuid:620DBBD943A829103777E6B193F4B0E7
 |   |   |- [+] [ 48]
 |   |   |   |- Guid:E4A8F07A436D05792D0954BFB7D63F4F BaseClass: NativeClass:/Script/Engine.StaticMeshActor Name:StaticMeshActor_UAID_E0D55ED8DBB208C101_1579613447 Label:S_Modular_Stone_Wall_xfxobiziy_lod5_Var20 SpatiallyLoaded:1 Bounds:IsValid=true, Min=(X=1990.000 Y=-279.631 Z=100.000), Max=(X=2190.000 Y=-240.228 Z=189.862) RuntimeGrid:None EditorOnly:0 RuntimeOnly:0 HLODRelevant:1 FolderPath:Muros FolderGuid:620DBBD943A829103777E6B193F4B0E7
 |   |   |- [+] [ 49]
 |   |   |   |- Guid:6C6E79FB4988FFB75960D1AE6B86A987 BaseClass: NativeClass:/Script/Engine.StaticMeshActor Name:StaticMeshActor_UAID_E0D55ED8DBB208C101_1579616448 Label:S_Modular_Stone_Wall_xfxobiziy_lod5_Var21 SpatiallyLoaded:1 Bounds:IsValid=true, Min=(X=1790.000 Y=-279.631 Z=100.000), Max=(X=1990.000 Y=-240.228 Z=189.862) RuntimeGrid:None EditorOnly:0 RuntimeOnly:0 HLODRelevant:1 FolderPath:Muros FolderGuid:620DBBD943A829103777E6B193F4B0E7
 |   |   |- [+] [ 50]
 |   |   |   |- Guid:0186B0CC40CA52133E9F1CA62AAEE3F7 BaseClass: NativeClass:/Script/Engine.StaticMeshActor Name:StaticMeshActor_UAID_E0D55ED8DBB208C101_1631836449 Label:S_Modular_Stone_Wall_xfxobiziy_lod5_Var22 SpatiallyLoaded:1 Bounds:IsValid=true, Min=(X=-1810.000 Y=-279.631 Z=100.000), Max=(X=-1610.000 Y=-240.228 Z=189.862) RuntimeGrid:None EditorOnly:0 RuntimeOnly:0 HLODRelevant:1 FolderPath:Muros FolderGuid:620DBBD943A829103777E6B193F4B0E7
 |   |   |- [+] [ 51]
 |   |   |   |- Guid:1BE9A08346CC75C2DC59A7988A85BBC9 BaseClass: NativeClass:/Script/Engine.StaticMeshActor Name:StaticMeshActor_UAID_E0D55ED8DBB208C101_1631839450 Label:S_Modular_Stone_Wall_xfxobiziy_lod5_Var23 SpatiallyLoaded:1 Bounds:IsValid=true, Min=(X=-2010.000 Y=-279.631 Z=100.000), Max=(X=-1810.000 Y=-240.228 Z=189.862) RuntimeGrid:None EditorOnly:0 RuntimeOnly:0 HLODRelevant:1 FolderPath:Muros FolderGuid:620DBBD943A829103777E6B193F4B0E7
 |   |   |- [+] [ 52]
 |   |   |   |- Guid:EF7E6DFC4D45741D901478978EF6BE7D BaseClass: NativeClass:/Script/Engine.StaticMeshActor Name:StaticMeshActor_UAID_E0D55ED8DBB208C101_1631842451 Label:S_Modular_Stone_Wall_xfxobiziy_lod5_Var24 SpatiallyLoaded:1 Bounds:IsValid=true, Min=(X=-2210.000 Y=-279.631 Z=100.000), Max=(X=-2010.000 Y=-240.228 Z=189.862) RuntimeGrid:None EditorOnly:0 RuntimeOnly:0 HLODRelevant:1 FolderPath:Muros FolderGuid:620DBBD943A829103777E6B193F4B0E7
 |   |   |- [+] [ 53]
 |   |   |   |- Guid:FF4255794F4AFFF2BB9C18A7E703C021 BaseClass: NativeClass:/Script/Engine.StaticMeshActor Name:StaticMeshActor_UAID_E0D55ED8DBB208C101_1631844452 Label:S_Modular_Stone_Wall_xfxobiziy_lod5_Var25 SpatiallyLoaded:1 Bounds:IsValid=true, Min=(X=-2410.000 Y=-279.631 Z=100.000), Max=(X=-2210.000 Y=-240.228 Z=189.862) RuntimeGrid:None EditorOnly:0 RuntimeOnly:0 HLODRelevant:1 FolderPath:Muros FolderGuid:620DBBD943A829103777E6B193F4B0E7
 |   |   |- [+] [ 54]
 |   |   |   |- Guid:C76F900D454CFD55617818B842936BCF BaseClass: NativeClass:/Script/Engine.StaticMeshActor Name:StaticMeshActor_UAID_E0D55ED8DBB208C101_1631846453 Label:S_Modular_Stone_Wall_xfxobiziy_lod5_Var26 SpatiallyLoaded:1 Bounds:IsValid=true, Min=(X=-2610.000 Y=-279.631 Z=100.000), Max=(X=-2410.000 Y=-240.228 Z=189.862) RuntimeGrid:None EditorOnly:0 RuntimeOnly:0 HLODRelevant:1 FolderPath:Muros FolderGuid:620DBBD943A829103777E6B193F4B0E7
 |   |   |- [+] [ 55]
 |   |   |   |- Guid:71663C8C4C4A9403BAEB25848000F851 BaseClass:/Game/Characters/Decomap/BP_Muros.BP_Muros_C NativeClass:/Script/Engine.Actor Name:BP_Muros_C_UAID_E0D55ED8DBB208C101_1450112427 Label:BP_Muros SpatiallyLoaded:1 Bounds:IsValid=true, Min=(X=-10.000 Y=880.369 Z=100.000), Max=(X=190.000 Y=919.772 Z=189.862) RuntimeGrid:None EditorOnly:0 RuntimeOnly:0 HLODRelevant:0 FolderPath:Muros FolderGuid:620DBBD943A829103777E6B193F4B0E7
 |   |   |- [+] [ 56]
 |   |   |   |- Guid:0302661044108086B7FE2EBA0D06AD58 BaseClass:/Game/StarterContent/Blueprints/Blueprint_CeilingLight.Blueprint_CeilingLight_C NativeClass:/Script/Engine.Actor Name:Blueprint_CeilingLight_C_UAID_E0D55ED8DBB208C101_1955094455 Label:Blueprint_CeilingLight SpatiallyLoaded:1 Bounds:IsValid=true, Min=(X=-32.000 Y=1298.000 Z=128.640), Max=(X=12.000 Y=1342.000 Z=262.170) RuntimeGrid:None EditorOnly:0 RuntimeOnly:0 HLODRelevant:0
 |   |   |- [+] [ 57]
 |   |   |   |- Guid:5C75B0544BA56312A28209ABA90C8DD8 BaseClass:/Game/Characters/Decomap/BP_Muro.BP_Muro_C NativeClass:/Script/Engine.Pawn Name:BP_Muro_C_UAID_E0D55ED8DBB209C101_1322735632 Label:BP_Muro SpatiallyLoaded:1 Bounds:IsValid=true, Min=(X=320.000 Y=890.000 Z=50.000), Max=(X=420.000 Y=990.000 Z=150.000) RuntimeGrid:None EditorOnly:0 RuntimeOnly:0 HLODRelevant:0
 |- ContainerInstances:
 |- [+] MainContainer:
 |   |-        ID: 0x0000000000000000
 |   |-    Bounds: IsValid=false, Min=(X=0.000 Y=0.000 Z=0.000), Max=(X=0.000 Y=0.000 Z=0.000)
 |   |- Transform: 0.000000,0.000000,0.000000|0.000000,0.000000,-0.000000|1.000000,1.000000,1.000000
 |   |- Container: /Game/ThirdPerson/Maps/ThirdPersonMap
----------------------------------------------------------------------------------------------------------------
ThirdPersonMap - Persistent Level
----------------------------------------------------------------------------------------------------------------
Always loaded Actor Count: 66 

----------------------------------------------------------------------------------------------------------------
ThirdPersonMap - Runtime Spatial Hash - Streaming Grid - MainGrid
----------------------------------------------------------------------------------------------------------------
            Origin: X=0.000 Y=0.000 Z=0.000
         Cell Size: 12800
      World Bounds: IsValid=false, Min=(X=0.000 Y=0.000 Z=0.000), Max=(X=0.000 Y=0.000 Z=0.000)
     Loading Range: 25600.00
Block Slow Loading: No
 ClientOnlyVisible: No

[+] Grid Levels: 1
 |- Level  0: Cell Count    0 | Cell Size   12800 | Actor Count    0 (0.0%)

[+] Content of Grid Level 0

